8/29/2023, 12:38:04 PM [ERROR]: Error in adding device: ReferenceError: device_status is not defined
8/29/2023, 12:58:35 PM [ERROR]: Error in adding device: TypeError: Bind parameters must not contain undefined. To pass SQL NULL specify JS null
8/29/2023, 12:58:44 PM [ERROR]: Error in adding device: TypeError: Bind parameters must not contain undefined. To pass SQL NULL specify JS null
8/29/2023, 12:58:49 PM [ERROR]: Error in adding device: TypeError: Bind parameters must not contain undefined. To pass SQL NULL specify JS null
8/29/2023, 12:59:02 PM [ERROR]: Error in adding device: TypeError: Bind parameters must not contain undefined. To pass SQL NULL specify JS null
8/29/2023, 1:01:18 PM [ERROR]: Error in adding device: ReferenceError: device_status is not defined
8/29/2023, 1:02:04 PM [ERROR]: Error in adding device: Error: Duplicate entry 'DMS001A' for key 'device_id'
8/29/2023, 1:02:10 PM [ERROR]: Error in adding device: ReferenceError: device_status is not defined
8/29/2023, 1:03:35 PM [ERROR]: Error in getting the list, Error: Error: Unknown column 'devices.device_status' in 'where clause' 
8/29/2023, 1:03:38 PM [ERROR]: Error in getting the list, Error: Error: Unknown column 'devices.device_status' in 'where clause' 
8/29/2023, 1:03:38 PM [ERROR]: Error in getting the list, Error: Error: Unknown column 'devices.device_status' in 'where clause' 
8/29/2023, 1:03:38 PM [ERROR]: Error in getting the list, Error: Error: Unknown column 'devices.device_status' in 'where clause' 
8/29/2023, 1:03:39 PM [ERROR]: Error in getting the list, Error: Error: Unknown column 'devices.device_status' in 'where clause' 
8/29/2023, 1:03:55 PM [ERROR]: Enable to subscribe the topics Error: Unknown column 'device_status' in 'field list'
8/29/2023, 1:03:57 PM [ERROR]: Error in getting the list, Error: Error: Unknown column 'devices.device_status' in 'where clause' 
8/29/2023, 1:04:06 PM [ERROR]: Error in getting the list, Error: Error: Unknown column 'devices.device_status' in 'where clause' 
8/29/2023, 1:04:07 PM [ERROR]: Error in getting the list, Error: Error: Unknown column 'devices.device_status' in 'where clause' 
8/29/2023, 1:05:17 PM [ERROR]: Error in adding device: ReferenceError: device_status is not defined
8/29/2023, 1:05:28 PM [ERROR]: Enable to subscribe the topics Error: Unknown column 'device_status' in 'field list'
8/29/2023, 1:05:31 PM [ERROR]: Enable to subscribe the topics Error: Unknown column 'device_status' in 'field list'
8/29/2023, 1:05:32 PM [ERROR]: Enable to subscribe the topics Error: Unknown column 'device_status' in 'field list'
8/29/2023, 1:05:38 PM [ERROR]: Enable to subscribe the topics Error: Unknown column 'device_status' in 'field list'
8/29/2023, 1:05:41 PM [ERROR]: Enable to subscribe the topics Error: Unknown column 'device_status' in 'field list'
8/29/2023, 1:05:46 PM [ERROR]: Error in getting the list, Error: Error: Unknown column 'devices.device_status' in 'where clause' 
8/29/2023, 1:05:47 PM [ERROR]: Error in getting the list, Error: Error: Unknown column 'devices.device_status' in 'where clause' 
8/29/2023, 1:05:47 PM [ERROR]: Error in getting the list, Error: Error: Unknown column 'devices.device_status' in 'where clause' 
8/29/2023, 1:05:47 PM [ERROR]: Error in getting the list, Error: Error: Unknown column 'devices.device_status' in 'where clause' 
8/29/2023, 1:06:49 PM [ERROR]: Error in adding device: ReferenceError: device_status is not defined
8/29/2023, 1:07:57 PM [ERROR]: Error in adding device: ReferenceError: status is not defined
8/29/2023, 1:07:59 PM [ERROR]: Error in adding device: ReferenceError: status is not defined
8/29/2023, 1:07:59 PM [ERROR]: Error in adding device: ReferenceError: status is not defined
8/29/2023, 1:08:00 PM [ERROR]: Error in adding device: ReferenceError: status is not defined
8/29/2023, 1:08:00 PM [ERROR]: Error in adding device: ReferenceError: status is not defined
8/29/2023, 1:08:07 PM [ERROR]: Error in adding device: ReferenceError: status is not defined
8/29/2023, 1:09:02 PM [ERROR]: Error in adding device: Error: Duplicate entry 'ECU002A' for key 'device_id'
8/29/2023, 1:11:08 PM [ERROR]: Error in adding device: Error: Duplicate entry 'DMS001A' for key 'device_id'
8/29/2023, 1:11:15 PM [ERROR]: Error in adding device: Error: Duplicate entry 'DMS001A' for key 'device_id'
8/29/2023, 1:14:00 PM [ERROR]: Error in adding device: Error: Duplicate entry 'DMS001A' for key 'device_id'
8/29/2023, 1:17:39 PM [ERROR]: Error in updating device Error: Duplicate entry 'DMS001A' for key 'device_id'
8/29/2023, 1:17:54 PM [ERROR]: Error in updating device Error: Duplicate entry 'DMS001A' for key 'device_id'
8/29/2023, 1:18:50 PM [ERROR]: Error in updating device Error: Duplicate entry 'DMS001A' for key 'device_id'
8/29/2023, 1:25:31 PM [ERROR]: Error in adding device: Error: Duplicate entry 'DMS014A' for key 'device_id'
8/29/2023, 3:16:14 PM [ERROR]: Error in updating device Error: Duplicate entry 'DMS014A' for key 'device_id'
8/29/2023, 3:40:02 PM [ERROR]: Error deleteing AT: userUUID is not defined
8/29/2023, 3:40:07 PM [ERROR]: Error deleteing AT: userUUID is not defined
8/29/2023, 3:40:43 PM [ERROR]: Error deleteing AT: userUUID is not defined
8/29/2023, 5:36:19 PM [ERROR]: Error in adding device: ReferenceError: device_status is not defined
8/29/2023, 5:37:02 PM [ERROR]: Error in adding device: ReferenceError: device_status is not defined
8/29/2023, 5:38:22 PM [ERROR]: Error in adding device: ReferenceError: device_status is not defined
8/30/2023, 10:52:01 AM [ERROR]: Trip completion process failed! Error: Table 'Starkenn.trip_summary' doesn't exist
8/30/2023, 11:02:01 AM [ERROR]: Trip completion process failed! Error: Table 'Starkenn.trip_summary' doesn't exist
8/30/2023, 11:17:31 AM [ERROR]: Trip completion process failed! Error: Table 'Starkenn.trip_summary' doesn't exist
8/30/2023, 11:27:31 AM [ERROR]: Trip completion process failed! Error: Table 'Starkenn.trip_summary' doesn't exist
8/30/2023, 11:34:52 AM [ERROR]: Error in adding Driver: Error: Incorrect date value: '22/12/85' for column `Starkenn`.`drivers`.`driver_dob` at row 1
8/30/2023, 11:37:31 AM [ERROR]: Trip completion process failed! Error: Table 'Starkenn.trip_summary' doesn't exist
8/30/2023, 11:47:31 AM [ERROR]: Trip completion process failed! Error: Table 'Starkenn.trip_summary' doesn't exist
8/30/2023, 11:57:31 AM [ERROR]: Trip completion process failed! Error: Table 'Starkenn.trip_summary' doesn't exist
8/30/2023, 12:07:31 PM [ERROR]: Trip completion process failed! Error: Table 'Starkenn.trip_summary' doesn't exist
8/30/2023, 12:17:31 PM [ERROR]: Trip completion process failed! Error: Table 'Starkenn.trip_summary' doesn't exist
8/30/2023, 1:00:06 PM [ERROR]: Trip completion process failed! Error: Table 'Starkenn.trip_summary' doesn't exist
8/30/2023, 1:14:45 PM [ERROR]: Error adding customers: WhatsappSent is not a function
8/30/2023, 1:29:31 PM [ERROR]: Trip completion process failed! Error: Table 'Starkenn.trip_summary' doesn't exist
8/30/2023, 1:59:16 PM [ERROR]: Trip completion process failed! Error: Table 'Starkenn.trip_summary' doesn't exist
8/30/2023, 2:09:16 PM [ERROR]: Trip completion process failed! Error: Table 'Starkenn.trip_summary' doesn't exist
8/30/2023, 2:19:16 PM [ERROR]: Trip completion process failed! Error: Table 'Starkenn.trip_summary' doesn't exist
8/30/2023, 2:29:16 PM [ERROR]: Trip completion process failed! Error: Table 'Starkenn.trip_summary' doesn't exist
8/30/2023, 2:39:16 PM [ERROR]: Trip completion process failed! Error: Table 'Starkenn.trip_summary' doesn't exist
8/30/2023, 2:49:17 PM [ERROR]: Trip completion process failed! Error: Table 'Starkenn.trip_summary' doesn't exist
8/30/2023, 2:59:17 PM [ERROR]: Trip completion process failed! Error: Table 'Starkenn.trip_summary' doesn't exist
8/30/2023, 3:16:58 PM [ERROR]: Error adding customers: WhatsappSent is not a function
8/30/2023, 3:27:18 PM [ERROR]: sendEmail error: Cannot access 'messageData' before initialization
8/30/2023, 3:27:18 PM [ERROR]: Error adding customers: Cannot access 'messageData' before initialization
8/30/2023, 3:29:19 PM [ERROR]: sendWhatsappMessage error: Request failed with status code 400
8/30/2023, 3:29:19 PM [ERROR]: Error adding customers: Request failed with status code 400
8/30/2023, 3:38:44 PM [ERROR]: Trip completion process failed! Error: Table 'Starkenn.trip_summary' doesn't exist
8/30/2023, 3:40:35 PM [ERROR]: sendWhatsappMessage error: Request failed with status code 404
8/30/2023, 3:40:35 PM [ERROR]: Error adding customers: Request failed with status code 404
8/30/2023, 3:41:48 PM [ERROR]: sendWhatsappMessage error: Request failed with status code 404
8/30/2023, 3:41:48 PM [ERROR]: Error adding customers: Request failed with status code 404
8/30/2023, 3:43:49 PM [ERROR]: sendWhatsappMessage error: Request failed with status code 404
8/30/2023, 3:43:49 PM [ERROR]: Error adding customers: Request failed with status code 404
8/30/2023, 3:44:42 PM [ERROR]: sendWhatsappMessage error: Request failed with status code 404
8/30/2023, 3:44:42 PM [ERROR]: Error adding customers: Request failed with status code 404
8/30/2023, 3:48:07 PM [ERROR]: sendWhatsappMessage error: Request failed with status code 400
8/30/2023, 3:48:07 PM [ERROR]: Error adding customers: Request failed with status code 400
8/30/2023, 3:58:34 PM [ERROR]: Trip completion process failed! Error: Table 'Starkenn.trip_summary' doesn't exist
8/30/2023, 4:08:34 PM [ERROR]: Trip completion process failed! Error: Table 'Starkenn.trip_summary' doesn't exist
8/30/2023, 4:18:34 PM [ERROR]: Trip completion process failed! Error: Table 'Starkenn.trip_summary' doesn't exist
8/30/2023, 4:28:34 PM [ERROR]: Trip completion process failed! Error: Table 'Starkenn.trip_summary' doesn't exist
8/30/2023, 4:38:34 PM [ERROR]: Trip completion process failed! Error: Table 'Starkenn.trip_summary' doesn't exist
8/30/2023, 4:48:34 PM [ERROR]: Trip completion process failed! Error: Table 'Starkenn.trip_summary' doesn't exist
8/30/2023, 4:58:34 PM [ERROR]: Trip completion process failed! Error: Table 'Starkenn.trip_summary' doesn't exist
8/30/2023, 5:10:28 PM [ERROR]: Trip completion process failed! Error: Table 'Starkenn.trip_summary' doesn't exist
8/30/2023, 5:20:28 PM [ERROR]: Trip completion process failed! Error: Table 'Starkenn.trip_summary' doesn't exist
8/30/2023, 5:30:28 PM [ERROR]: Trip completion process failed! Error: Table 'Starkenn.trip_summary' doesn't exist
8/30/2023, 5:40:28 PM [ERROR]: Trip completion process failed! Error: Table 'Starkenn.trip_summary' doesn't exist
8/30/2023, 5:50:29 PM [ERROR]: Trip completion process failed! Error: Table 'Starkenn.trip_summary' doesn't exist
8/30/2023, 6:00:29 PM [ERROR]: Trip completion process failed! Error: Table 'Starkenn.trip_summary' doesn't exist
8/31/2023, 10:23:03 AM [ERROR]: Trip completion process failed! Error: Table 'Starkenn.trip_summary' doesn't exist
8/31/2023, 10:34:41 AM [ERROR]: Trip completion process failed! Error: Table 'Starkenn.trip_summary' doesn't exist
8/31/2023, 10:44:41 AM [ERROR]: Trip completion process failed! Error: Table 'Starkenn.trip_summary' doesn't exist
8/31/2023, 10:54:41 AM [ERROR]: Trip completion process failed! Error: Table 'Starkenn.trip_summary' doesn't exist
8/31/2023, 11:04:41 AM [ERROR]: Trip completion process failed! Error: Table 'Starkenn.trip_summary' doesn't exist
8/31/2023, 11:30:08 AM [ERROR]: Trip completion process failed! Error: Table 'Starkenn.trip_summary' doesn't exist
8/31/2023, 11:40:08 AM [ERROR]: Trip completion process failed! Error: Table 'Starkenn.trip_summary' doesn't exist
8/31/2023, 11:50:08 AM [ERROR]: Trip completion process failed! Error: Table 'Starkenn.trip_summary' doesn't exist
8/31/2023, 12:00:08 PM [ERROR]: Trip completion process failed! Error: Table 'Starkenn.trip_summary' doesn't exist
8/31/2023, 12:10:08 PM [ERROR]: Trip completion process failed! Error: Table 'Starkenn.trip_summary' doesn't exist
8/31/2023, 12:20:09 PM [ERROR]: Trip completion process failed! Error: Table 'Starkenn.trip_summary' doesn't exist
8/31/2023, 12:44:55 PM [ERROR]: Trip completion process failed! Error: Table 'Starkenn.trip_summary' doesn't exist
8/31/2023, 1:03:59 PM [ERROR]: Error in adding Driver: Error: Incorrect date value: '22/12/85' for column `Starkenn`.`drivers`.`driver_dob` at row 1
8/31/2023, 1:04:13 PM [ERROR]: Error in adding Driver: Error: Incorrect date value: '2222/12/85' for column `Starkenn`.`drivers`.`driver_dob` at row 1
8/31/2023, 1:13:18 PM [ERROR]: Trip completion process failed! Error: Table 'Starkenn.trip_summary' doesn't exist
8/31/2023, 1:23:18 PM [ERROR]: Trip completion process failed! Error: Table 'Starkenn.trip_summary' doesn't exist
8/31/2023, 1:33:18 PM [ERROR]: Trip completion process failed! Error: Table 'Starkenn.trip_summary' doesn't exist
8/31/2023, 1:47:12 PM [ERROR]: Trip completion process failed! Error: Table 'Starkenn.trip_summary' doesn't exist
8/31/2023, 1:57:12 PM [ERROR]: Trip completion process failed! Error: Table 'Starkenn.trip_summary' doesn't exist
8/31/2023, 2:07:12 PM [ERROR]: Trip completion process failed! Error: Table 'Starkenn.trip_summary' doesn't exist
8/31/2023, 2:17:12 PM [ERROR]: Trip completion process failed! Error: Table 'Starkenn.trip_summary' doesn't exist
8/31/2023, 2:27:12 PM [ERROR]: Trip completion process failed! Error: Table 'Starkenn.trip_summary' doesn't exist
8/31/2023, 2:37:12 PM [ERROR]: Trip completion process failed! Error: Table 'Starkenn.trip_summary' doesn't exist
8/31/2023, 2:47:12 PM [ERROR]: Trip completion process failed! Error: Table 'Starkenn.trip_summary' doesn't exist
8/31/2023, 2:57:12 PM [ERROR]: Trip completion process failed! Error: Table 'Starkenn.trip_summary' doesn't exist
8/31/2023, 3:07:12 PM [ERROR]: Trip completion process failed! Error: Table 'Starkenn.trip_summary' doesn't exist
8/31/2023, 3:34:46 PM [ERROR]: Trip completion process failed! Error: Table 'Starkenn.trip_summary' doesn't exist
8/31/2023, 3:44:46 PM [ERROR]: Trip completion process failed! Error: Table 'Starkenn.trip_summary' doesn't exist
8/31/2023, 3:54:46 PM [ERROR]: Trip completion process failed! Error: Table 'Starkenn.trip_summary' doesn't exist
8/31/2023, 4:04:46 PM [ERROR]: Trip completion process failed! Error: Table 'Starkenn.trip_summary' doesn't exist
8/31/2023, 4:14:46 PM [ERROR]: Trip completion process failed! Error: Table 'Starkenn.trip_summary' doesn't exist
8/31/2023, 4:24:46 PM [ERROR]: Trip completion process failed! Error: Table 'Starkenn.trip_summary' doesn't exist
8/31/2023, 4:45:52 PM [ERROR]: Trip completion process failed! Error: Table 'Starkenn.trip_summary' doesn't exist
8/31/2023, 4:55:53 PM [ERROR]: Trip completion process failed! Error: Table 'Starkenn.trip_summary' doesn't exist
8/31/2023, 5:05:53 PM [ERROR]: Trip completion process failed! Error: Table 'Starkenn.trip_summary' doesn't exist
8/31/2023, 5:16:30 PM [ERROR]: Error adding Driver RFID: rfid is not defined
8/31/2023, 6:11:35 PM [ERROR]: Trip completion process failed! Error: Table 'Starkenn.trip_summary' doesn't exist
8/31/2023, 6:21:35 PM [ERROR]: Trip completion process failed! Error: Table 'Starkenn.trip_summary' doesn't exist
8/31/2023, 6:31:35 PM [ERROR]: Trip completion process failed! Error: Table 'Starkenn.trip_summary' doesn't exist
8/31/2023, 6:41:35 PM [ERROR]: Trip completion process failed! Error: Table 'Starkenn.trip_summary' doesn't exist
8/31/2023, 6:51:35 PM [ERROR]: Trip completion process failed! Error: Table 'Starkenn.trip_summary' doesn't exist
8/31/2023, 7:01:35 PM [ERROR]: Trip completion process failed! Error: Table 'Starkenn.trip_summary' doesn't exist
8/31/2023, 7:11:35 PM [ERROR]: Trip completion process failed! Error: Table 'Starkenn.trip_summary' doesn't exist
9/1/2023, 9:57:05 AM [ERROR]: Trip completion process failed! Error: Table 'Starkenn.trip_summary' doesn't exist
9/1/2023, 10:07:05 AM [ERROR]: Trip completion process failed! Error: Table 'Starkenn.trip_summary' doesn't exist
9/1/2023, 10:17:05 AM [ERROR]: Trip completion process failed! Error: Table 'Starkenn.trip_summary' doesn't exist
9/1/2023, 10:27:05 AM [ERROR]: Trip completion process failed! Error: Table 'Starkenn.trip_summary' doesn't exist
